TN:
SF:src\components\login\Login.tsx
FN:6,(anonymous_13)
FN:13,(anonymous_14)
FN:13,(anonymous_15)
FN:57,(anonymous_16)
FN:68,(anonymous_17)
FNF:5
FNH:1
FNDA:1,(anonymous_13)
FNDA:0,(anonymous_14)
FNDA:0,(anonymous_15)
FNDA:0,(anonymous_16)
FNDA:0,(anonymous_17)
DA:1,1
DA:2,1
DA:3,1
DA:4,1
DA:6,1
DA:7,1
DA:8,1
DA:9,1
DA:10,1
DA:11,1
DA:13,1
DA:14,0
DA:15,0
DA:17,0
DA:18,0
DA:24,0
DA:25,0
DA:26,0
DA:27,0
DA:30,0
DA:31,0
DA:33,0
DA:34,0
DA:36,0
DA:37,0
DA:40,0
DA:44,1
DA:57,0
DA:68,0
DA:87,1
LF:30
LH:13
BRDA:24,0,0,0
BRDA:26,1,0,0
BRDA:26,1,1,0
BRDA:33,2,0,0
BRDA:33,2,1,0
BRDA:49,3,0,1
BRDA:49,3,1,0
BRF:7
BRH:1
end_of_record
TN:
SF:src\contexts\AuthContext.tsx
FN:15,(anonymous_6)
FN:18,(anonymous_7)
FN:29,(anonymous_8)
FN:41,(anonymous_9)
FNF:4
FNH:2
FNDA:1,(anonymous_6)
FNDA:0,(anonymous_7)
FNDA:0,(anonymous_8)
FNDA:1,(anonymous_9)
DA:1,1
DA:13,1
DA:15,1
DA:16,1
DA:18,1
DA:20,0
DA:21,0
DA:26,0
DA:29,1
DA:30,0
DA:31,0
DA:34,1
DA:41,1
DA:42,1
DA:43,1
DA:44,0
DA:46,1
LF:17
LH:11
BRDA:43,0,0,0
BRF:1
BRH:0
end_of_record
