{"C:\\Users\\trgre\\Desktop\\ADPone\\ADP_one\\api\\src\\models\\LoginRecord.ts": {"path":"C:\\Users\\trgre\\Desktop\\ADPone\\ADP_one\\api\\src\\models\\LoginRecord.ts","statementMap":{"0":{"start":{"line":1,"column":0},"end":{"line":1,"column":54}},"1":{"start":{"line":9,"column":34},"end":{"line":24,"column":2}},"2":{"start":{"line":26,"column":20},"end":{"line":26,"column":82}},"3":{"start":{"line":28,"column":0},"end":{"line":28,"column":27}}},"fnMap":{},"branchMap":{},"s":{"0":1,"1":1,"2":1,"3":1},"f":{},"b":{}}
,"C:\\Users\\trgre\\Desktop\\ADPone\\ADP_one\\api\\src\\models\\User.ts": {"path":"C:\\Users\\trgre\\Desktop\\ADPone\\ADP_one\\api\\src\\models\\User.ts","statementMap":{"0":{"start":{"line":2,"column":0},"end":{"line":2,"column":54}},"1":{"start":{"line":10,"column":27},"end":{"line":14,"column":2}},"2":{"start":{"line":16,"column":13},"end":{"line":16,"column":54}},"3":{"start":{"line":18,"column":0},"end":{"line":18,"column":20}}},"fnMap":{},"branchMap":{},"s":{"0":2,"1":2,"2":2,"3":2},"f":{},"b":{}}
,"C:\\Users\\trgre\\Desktop\\ADPone\\ADP_one\\api\\src\\routes\\admin.ts": {"path":"C:\\Users\\trgre\\Desktop\\ADPone\\ADP_one\\api\\src\\routes\\admin.ts","statementMap":{"0":{"start":{"line":1,"column":0},"end":{"line":1,"column":52}},"1":{"start":{"line":2,"column":0},"end":{"line":2,"column":34}},"2":{"start":{"line":3,"column":0},"end":{"line":3,"column":72}},"3":{"start":{"line":4,"column":0},"end":{"line":4,"column":30}},"4":{"start":{"line":6,"column":15},"end":{"line":6,"column":23}},"5":{"start":{"line":8,"column":0},"end":{"line":16,"column":3}},"6":{"start":{"line":8,"column":92},"end":{"line":16,"column":2}},"7":{"start":{"line":9,"column":2},"end":{"line":15,"column":3}},"8":{"start":{"line":10,"column":18},"end":{"line":10,"column":54}},"9":{"start":{"line":11,"column":4},"end":{"line":11,"column":20}},"10":{"start":{"line":13,"column":4},"end":{"line":13,"column":50}},"11":{"start":{"line":14,"column":4},"end":{"line":14,"column":41}},"12":{"start":{"line":19,"column":0},"end":{"line":40,"column":3}},"13":{"start":{"line":19,"column":93},"end":{"line":40,"column":2}},"14":{"start":{"line":20,"column":2},"end":{"line":39,"column":3}},"15":{"start":{"line":21,"column":44},"end":{"line":21,"column":52}},"16":{"start":{"line":23,"column":4},"end":{"line":25,"column":5}},"17":{"start":{"line":24,"column":6},"end":{"line":24,"column":85}},"18":{"start":{"line":27,"column":20},"end":{"line":31,"column":6}},"19":{"start":{"line":33,"column":22},"end":{"line":33,"column":42}},"20":{"start":{"line":34,"column":52},"end":{"line":34,"column":72}},"21":{"start":{"line":34,"column":23},"end":{"line":34,"column":28}},"22":{"start":{"line":34,"column":47},"end":{"line":34,"column":52}},"23":{"start":{"line":35,"column":4},"end":{"line":35,"column":46}},"24":{"start":{"line":37,"column":4},"end":{"line":37,"column":47}},"25":{"start":{"line":38,"column":4},"end":{"line":38,"column":41}},"26":{"start":{"line":43,"column":0},"end":{"line":62,"column":3}},"27":{"start":{"line":43,"column":99},"end":{"line":62,"column":2}},"28":{"start":{"line":44,"column":2},"end":{"line":61,"column":3}},"29":{"start":{"line":45,"column":19},"end":{"line":45,"column":29}},"30":{"start":{"line":47,"column":4},"end":{"line":49,"column":5}},"31":{"start":{"line":48,"column":6},"end":{"line":48,"column":70}},"32":{"start":{"line":51,"column":17},"end":{"line":51,"column":49}},"33":{"start":{"line":53,"column":4},"end":{"line":55,"column":5}},"34":{"start":{"line":54,"column":6},"end":{"line":54,"column":65}},"35":{"start":{"line":57,"column":4},"end":{"line":57,"column":55}},"36":{"start":{"line":59,"column":4},"end":{"line":59,"column":49}},"37":{"start":{"line":60,"column":4},"end":{"line":60,"column":41}},"38":{"start":{"line":65,"column":0},"end":{"line":90,"column":3}},"39":{"start":{"line":65,"column":96},"end":{"line":90,"column":2}},"40":{"start":{"line":66,"column":2},"end":{"line":89,"column":3}},"41":{"start":{"line":67,"column":19},"end":{"line":67,"column":29}},"42":{"start":{"line":68,"column":44},"end":{"line":68,"column":52}},"43":{"start":{"line":70,"column":4},"end":{"line":72,"column":5}},"44":{"start":{"line":71,"column":6},"end":{"line":71,"column":70}},"45":{"start":{"line":74,"column":47},"end":{"line":74,"column":49}},"46":{"start":{"line":75,"column":4},"end":{"line":75,"column":49}},"47":{"start":{"line":75,"column":18},"end":{"line":75,"column":49}},"48":{"start":{"line":76,"column":4},"end":{"line":76,"column":60}},"49":{"start":{"line":76,"column":31},"end":{"line":76,"column":60}},"50":{"start":{"line":77,"column":4},"end":{"line":77,"column":72}},"51":{"start":{"line":77,"column":18},"end":{"line":77,"column":72}},"52":{"start":{"line":79,"column":24},"end":{"line":79,"column":83}},"53":{"start":{"line":81,"column":4},"end":{"line":83,"column":5}},"54":{"start":{"line":82,"column":6},"end":{"line":82,"column":65}},"55":{"start":{"line":85,"column":4},"end":{"line":85,"column":26}},"56":{"start":{"line":87,"column":4},"end":{"line":87,"column":49}},"57":{"start":{"line":88,"column":4},"end":{"line":88,"column":41}},"58":{"start":{"line":92,"column":0},"end":{"line":92,"column":22}}},"fnMap":{"0":{"name":"(anonymous_9)","decl":{"start":{"line":8,"column":54},"end":{"line":8,"column":61}},"loc":{"start":{"line":8,"column":92},"end":{"line":16,"column":2}}},"1":{"name":"(anonymous_10)","decl":{"start":{"line":8,"column":92},"end":{"line":8,"column":null}},"loc":{"start":{"line":8,"column":92},"end":{"line":16,"column":1}}},"2":{"name":"(anonymous_11)","decl":{"start":{"line":19,"column":55},"end":{"line":19,"column":62}},"loc":{"start":{"line":19,"column":93},"end":{"line":40,"column":2}}},"3":{"name":"(anonymous_12)","decl":{"start":{"line":19,"column":93},"end":{"line":19,"column":null}},"loc":{"start":{"line":19,"column":93},"end":{"line":40,"column":1}}},"4":{"name":"(anonymous_13)","decl":{"start":{"line":43,"column":61},"end":{"line":43,"column":68}},"loc":{"start":{"line":43,"column":99},"end":{"line":62,"column":2}}},"5":{"name":"(anonymous_14)","decl":{"start":{"line":43,"column":99},"end":{"line":43,"column":null}},"loc":{"start":{"line":43,"column":99},"end":{"line":62,"column":1}}},"6":{"name":"(anonymous_15)","decl":{"start":{"line":65,"column":58},"end":{"line":65,"column":65}},"loc":{"start":{"line":65,"column":96},"end":{"line":90,"column":2}}},"7":{"name":"(anonymous_16)","decl":{"start":{"line":65,"column":96},"end":{"line":65,"column":null}},"loc":{"start":{"line":65,"column":96},"end":{"line":90,"column":1}}}},"branchMap":{"0":{"loc":{"start":{"line":23,"column":4},"end":{"line":25,"column":5}},"type":"if","locations":[{"start":{"line":23,"column":4},"end":{"line":25,"column":5}}]},"1":{"loc":{"start":{"line":23,"column":8},"end":{"line":23,"column":30}},"type":"binary-expr","locations":[{"start":{"line":23,"column":8},"end":{"line":23,"column":17}},{"start":{"line":23,"column":21},"end":{"line":23,"column":30}}]},"2":{"loc":{"start":{"line":47,"column":4},"end":{"line":49,"column":5}},"type":"if","locations":[{"start":{"line":47,"column":4},"end":{"line":49,"column":5}}]},"3":{"loc":{"start":{"line":53,"column":4},"end":{"line":55,"column":5}},"type":"if","locations":[{"start":{"line":53,"column":4},"end":{"line":55,"column":5}}]},"4":{"loc":{"start":{"line":70,"column":4},"end":{"line":72,"column":5}},"type":"if","locations":[{"start":{"line":70,"column":4},"end":{"line":72,"column":5}}]},"5":{"loc":{"start":{"line":75,"column":4},"end":{"line":75,"column":49}},"type":"if","locations":[{"start":{"line":75,"column":4},"end":{"line":75,"column":49}}]},"6":{"loc":{"start":{"line":76,"column":4},"end":{"line":76,"column":60}},"type":"if","locations":[{"start":{"line":76,"column":4},"end":{"line":76,"column":60}}]},"7":{"loc":{"start":{"line":77,"column":4},"end":{"line":77,"column":72}},"type":"if","locations":[{"start":{"line":77,"column":4},"end":{"line":77,"column":72}}]},"8":{"loc":{"start":{"line":81,"column":4},"end":{"line":83,"column":5}},"type":"if","locations":[{"start":{"line":81,"column":4},"end":{"line":83,"column":5}}]}},"s":{"0":1,"1":1,"2":1,"3":1,"4":1,"5":1,"6":1,"7":1,"8":1,"9":1,"10":0,"11":0,"12":1,"13":1,"14":1,"15":1,"16":1,"17":0,"18":1,"19":1,"20":1,"21":1,"22":1,"23":1,"24":0,"25":0,"26":1,"27":1,"28":1,"29":1,"30":1,"31":0,"32":1,"33":1,"34":0,"35":1,"36":0,"37":0,"38":1,"39":1,"40":1,"41":1,"42":1,"43":1,"44":0,"45":1,"46":1,"47":1,"48":1,"49":1,"50":1,"51":1,"52":1,"53":1,"54":0,"55":1,"56":0,"57":0,"58":1},"f":{"0":1,"1":1,"2":1,"3":1,"4":1,"5":1,"6":1,"7":1},"b":{"0":[0],"1":[1,1],"2":[0],"3":[0],"4":[0],"5":[1],"6":[1],"7":[1],"8":[0]}}
,"C:\\Users\\trgre\\Desktop\\ADPone\\ADP_one\\api\\src\\routes\\auth.ts": {"path":"C:\\Users\\trgre\\Desktop\\ADPone\\ADP_one\\api\\src\\routes\\auth.ts","statementMap":{"0":{"start":{"line":1,"column":0},"end":{"line":1,"column":52}},"1":{"start":{"line":2,"column":0},"end":{"line":2,"column":30}},"2":{"start":{"line":3,"column":0},"end":{"line":3,"column":31}},"3":{"start":{"line":4,"column":0},"end":{"line":4,"column":45}},"4":{"start":{"line":5,"column":0},"end":{"line":5,"column":48}},"5":{"start":{"line":7,"column":15},"end":{"line":7,"column":23}},"6":{"start":{"line":10,"column":0},"end":{"line":41,"column":3}},"7":{"start":{"line":10,"column":60},"end":{"line":41,"column":2}},"8":{"start":{"line":11,"column":33},"end":{"line":11,"column":41}},"9":{"start":{"line":13,"column":2},"end":{"line":40,"column":3}},"10":{"start":{"line":15,"column":31},"end":{"line":15,"column":63}},"11":{"start":{"line":16,"column":4},"end":{"line":18,"column":5}},"12":{"start":{"line":17,"column":6},"end":{"line":17,"column":70}},"13":{"start":{"line":21,"column":20},"end":{"line":21,"column":65}},"14":{"start":{"line":22,"column":4},"end":{"line":25,"column":5}},"15":{"start":{"line":23,"column":6},"end":{"line":23,"column":45}},"16":{"start":{"line":24,"column":6},"end":{"line":24,"column":70}},"17":{"start":{"line":28,"column":18},"end":{"line":30,"column":6}},"18":{"start":{"line":33,"column":24},"end":{"line":33,"column":86}},"19":{"start":{"line":34,"column":4},"end":{"line":34,"column":29}},"20":{"start":{"line":36,"column":4},"end":{"line":36,"column":47}},"21":{"start":{"line":38,"column":4},"end":{"line":38,"column":56}},"22":{"start":{"line":39,"column":4},"end":{"line":39,"column":41}},"23":{"start":{"line":44,"column":0},"end":{"line":66,"column":3}},"24":{"start":{"line":44,"column":63},"end":{"line":66,"column":2}},"25":{"start":{"line":45,"column":33},"end":{"line":45,"column":41}},"26":{"start":{"line":47,"column":2},"end":{"line":65,"column":3}},"27":{"start":{"line":49,"column":25},"end":{"line":49,"column":57}},"28":{"start":{"line":50,"column":4},"end":{"line":52,"column":5}},"29":{"start":{"line":51,"column":6},"end":{"line":51,"column":70}},"30":{"start":{"line":55,"column":27},"end":{"line":55,"column":58}},"31":{"start":{"line":58,"column":20},"end":{"line":58,"column":68}},"32":{"start":{"line":59,"column":4},"end":{"line":59,"column":25}},"33":{"start":{"line":61,"column":4},"end":{"line":61,"column":67}},"34":{"start":{"line":63,"column":4},"end":{"line":63,"column":63}},"35":{"start":{"line":64,"column":4},"end":{"line":64,"column":41}},"36":{"start":{"line":68,"column":0},"end":{"line":76,"column":3}},"37":{"start":{"line":68,"column":60},"end":{"line":76,"column":2}},"38":{"start":{"line":69,"column":2},"end":{"line":75,"column":3}},"39":{"start":{"line":70,"column":25},"end":{"line":70,"column":73}},"40":{"start":{"line":71,"column":4},"end":{"line":71,"column":27}},"41":{"start":{"line":73,"column":4},"end":{"line":73,"column":58}},"42":{"start":{"line":74,"column":4},"end":{"line":74,"column":41}},"43":{"start":{"line":78,"column":0},"end":{"line":78,"column":22}}},"fnMap":{"0":{"name":"(anonymous_8)","decl":{"start":{"line":10,"column":22},"end":{"line":10,"column":29}},"loc":{"start":{"line":10,"column":60},"end":{"line":41,"column":2}}},"1":{"name":"(anonymous_9)","decl":{"start":{"line":10,"column":60},"end":{"line":10,"column":null}},"loc":{"start":{"line":10,"column":60},"end":{"line":41,"column":1}}},"2":{"name":"(anonymous_10)","decl":{"start":{"line":44,"column":25},"end":{"line":44,"column":32}},"loc":{"start":{"line":44,"column":63},"end":{"line":66,"column":2}}},"3":{"name":"(anonymous_11)","decl":{"start":{"line":44,"column":63},"end":{"line":44,"column":null}},"loc":{"start":{"line":44,"column":63},"end":{"line":66,"column":1}}},"4":{"name":"(anonymous_12)","decl":{"start":{"line":68,"column":22},"end":{"line":68,"column":29}},"loc":{"start":{"line":68,"column":60},"end":{"line":76,"column":2}}},"5":{"name":"(anonymous_13)","decl":{"start":{"line":68,"column":60},"end":{"line":68,"column":null}},"loc":{"start":{"line":68,"column":60},"end":{"line":76,"column":1}}}},"branchMap":{"0":{"loc":{"start":{"line":16,"column":4},"end":{"line":18,"column":5}},"type":"if","locations":[{"start":{"line":16,"column":4},"end":{"line":18,"column":5}}]},"1":{"loc":{"start":{"line":22,"column":4},"end":{"line":25,"column":5}},"type":"if","locations":[{"start":{"line":22,"column":4},"end":{"line":25,"column":5}}]},"2":{"loc":{"start":{"line":50,"column":4},"end":{"line":52,"column":5}},"type":"if","locations":[{"start":{"line":50,"column":4},"end":{"line":52,"column":5}}]}},"s":{"0":1,"1":1,"2":1,"3":1,"4":1,"5":1,"6":1,"7":2,"8":2,"9":2,"10":2,"11":2,"12":1,"13":1,"14":1,"15":0,"16":0,"17":1,"18":1,"19":1,"20":1,"21":0,"22":0,"23":1,"24":2,"25":2,"26":2,"27":2,"28":2,"29":1,"30":1,"31":1,"32":1,"33":1,"34":0,"35":0,"36":1,"37":1,"38":1,"39":1,"40":1,"41":0,"42":0,"43":1},"f":{"0":2,"1":2,"2":2,"3":2,"4":1,"5":1},"b":{"0":[1],"1":[0],"2":[1]}}
}
