TN:
SF:src\models\User.ts
FNF:0
FNH:0
DA:2,1
DA:10,1
DA:16,1
DA:18,1
LF:4
LH:4
BRF:0
BRH:0
end_of_record
TN:
SF:src\routes\auth.ts
FN:10,(anonymous_8)
FN:10,(anonymous_9)
FN:41,(anonymous_10)
FN:41,(anonymous_11)
FNF:4
FNH:4
FNDA:2,(anonymous_8)
FNDA:2,(anonymous_9)
FNDA:2,(anonymous_10)
FNDA:2,(anonymous_11)
DA:1,1
DA:2,1
DA:3,1
DA:4,1
DA:6,1
DA:10,2
DA:11,2
DA:13,2
DA:15,2
DA:16,2
DA:17,1
DA:18,1
DA:22,1
DA:23,1
DA:24,0
DA:25,0
DA:29,1
DA:33,1
DA:35,0
DA:36,0
DA:41,2
DA:42,2
DA:44,2
DA:46,2
DA:47,2
DA:48,1
DA:52,1
DA:55,1
DA:56,1
DA:58,1
DA:60,0
DA:61,0
DA:65,1
LF:33
LH:27
BRDA:16,0,0,1
BRDA:23,1,0,0
BRDA:47,2,0,1
BRF:3
BRH:2
end_of_record
