TN:
SF:src\models\LoginRecord.ts
FNF:0
FNH:0
DA:1,1
DA:9,1
DA:26,1
DA:28,1
LF:4
LH:4
BRF:0
BRH:0
end_of_record
TN:
SF:src\models\User.ts
FNF:0
FNH:0
DA:2,2
DA:10,2
DA:16,2
DA:18,2
LF:4
LH:4
BRF:0
BRH:0
end_of_record
TN:
SF:src\routes\admin.ts
FN:8,(anonymous_9)
FN:8,(anonymous_10)
FN:19,(anonymous_11)
FN:19,(anonymous_12)
FN:43,(anonymous_13)
FN:43,(anonymous_14)
FN:65,(anonymous_15)
FN:65,(anonymous_16)
FNF:8
FNH:8
FNDA:1,(anonymous_9)
FNDA:1,(anonymous_10)
FNDA:1,(anonymous_11)
FNDA:1,(anonymous_12)
FNDA:1,(anonymous_13)
FNDA:1,(anonymous_14)
FNDA:1,(anonymous_15)
FNDA:1,(anonymous_16)
DA:1,1
DA:2,1
DA:3,1
DA:4,1
DA:6,1
DA:8,1
DA:9,1
DA:10,1
DA:11,1
DA:13,0
DA:14,0
DA:19,1
DA:20,1
DA:21,1
DA:23,1
DA:24,0
DA:27,1
DA:33,1
DA:34,1
DA:35,1
DA:37,0
DA:38,0
DA:43,1
DA:44,1
DA:45,1
DA:47,1
DA:48,0
DA:51,1
DA:53,1
DA:54,0
DA:57,1
DA:59,0
DA:60,0
DA:65,1
DA:66,1
DA:67,1
DA:68,1
DA:70,1
DA:71,0
DA:74,1
DA:75,1
DA:76,1
DA:77,1
DA:79,1
DA:81,1
DA:82,0
DA:85,1
DA:87,0
DA:88,0
DA:92,1
LF:50
LH:37
BRDA:23,0,0,0
BRDA:23,1,0,1
BRDA:23,1,1,1
BRDA:47,2,0,0
BRDA:53,3,0,0
BRDA:70,4,0,0
BRDA:75,5,0,1
BRDA:76,6,0,1
BRDA:77,7,0,1
BRDA:81,8,0,0
BRF:10
BRH:5
end_of_record
TN:
SF:src\routes\auth.ts
FN:10,(anonymous_8)
FN:10,(anonymous_9)
FN:44,(anonymous_10)
FN:44,(anonymous_11)
FN:68,(anonymous_12)
FN:68,(anonymous_13)
FNF:6
FNH:6
FNDA:2,(anonymous_8)
FNDA:2,(anonymous_9)
FNDA:2,(anonymous_10)
FNDA:2,(anonymous_11)
FNDA:1,(anonymous_12)
FNDA:1,(anonymous_13)
DA:1,1
DA:2,1
DA:3,1
DA:4,1
DA:5,1
DA:7,1
DA:10,2
DA:11,2
DA:13,2
DA:15,2
DA:16,2
DA:17,1
DA:21,1
DA:22,1
DA:23,0
DA:24,0
DA:28,1
DA:33,1
DA:34,1
DA:36,1
DA:38,0
DA:39,0
DA:44,2
DA:45,2
DA:47,2
DA:49,2
DA:50,2
DA:51,1
DA:55,1
DA:58,1
DA:59,1
DA:61,1
DA:63,0
DA:64,0
DA:68,1
DA:69,1
DA:70,1
DA:71,1
DA:73,0
DA:74,0
DA:78,1
LF:41
LH:33
BRDA:16,0,0,1
BRDA:22,1,0,0
BRDA:50,2,0,1
BRF:3
BRH:2
end_of_record
